<?xml version="1.0" encoding="UTF-8"?>
<!-- Generated by org.testng.reporters.JUnitXMLReporter -->
<testsuite ignored="4" hostname="Sagar_Rawat" failures="0" tests="8" name="Surefire test" time="0.074" errors="0" timestamp="2024-09-04T13:34:52 IST">
  <testcase classname="com.qa.opencart.tests.BaseTest" name="@BeforeTest setup" time="-1.725437092007E9">
    <failure type="org.testng.TestNGException" message="
Parameter &amp;apos;browser&amp;apos; is required by BeforeTest on method setup but has not been marked @Optional or defined
">
      <![CDATA[org.testng.TestNGException: 
Parameter 'browser' is required by BeforeTest on method setup but has not been marked @Optional or defined

... Removed 26 stack frames]]>
    </failure>
  </testcase> <!-- @BeforeTest setup -->
  <testcase classname="com.qa.opencart.tests.BaseTest" name="@AfterTest tearDown" time="0.0">
    <skipped/>
  </testcase> <!-- @AfterTest tearDown -->
  <testcase classname="com.qa.opencart.tests.HomePageTest" name="homePageTitleTest" time="0.0">
    <skipped/>
  </testcase> <!-- homePageTitleTest -->
  <testcase classname="com.qa.opencart.tests.HomePageTest" name="homePageUrl" time="0.0">
    <skipped/>
  </testcase> <!-- homePageUrl -->
  <testcase classname="com.qa.opencart.tests.HomePageTest" name="searchtest" time="0.0">
    <skipped/>
  </testcase> <!-- searchtest -->
  <testcase classname="com.qa.opencart.tests.HomePageTest" name="searchtest" time="0.0">
    <skipped/>
  </testcase> <!-- searchtest -->
  <testcase classname="com.qa.opencart.tests.HomePageTest" name="searchtest" time="0.0">
    <skipped/>
  </testcase> <!-- searchtest -->
  <testcase classname="com.qa.opencart.tests.LoginPageTest" name="loginPageNavigationtest" time="0.0">
    <skipped/>
  </testcase> <!-- loginPageNavigationtest -->
  <testcase classname="com.qa.opencart.tests.LoginPageTest" name="checkUrl" time="0.0">
    <skipped/>
  </testcase> <!-- checkUrl -->
  <testcase classname="com.qa.opencart.tests.LoginPageTest" name="appLoginTest" time="0.0">
    <skipped/>
  </testcase> <!-- appLoginTest -->
  <testcase classname="com.qa.opencart.tests.BaseTest" name="@BeforeTest setup" time="0.0">
    <ignored/>
  </testcase> <!-- @BeforeTest setup -->
  <testcase classname="com.qa.opencart.tests.BaseTest" name="@BeforeTest setup" time="0.0">
    <ignored/>
  </testcase> <!-- @BeforeTest setup -->
  <testcase classname="com.qa.opencart.tests.BaseTest" name="@AfterTest tearDown" time="0.0">
    <ignored/>
  </testcase> <!-- @AfterTest tearDown -->
  <testcase classname="com.qa.opencart.tests.BaseTest" name="@AfterTest tearDown" time="0.0">
    <ignored/>
  </testcase> <!-- @AfterTest tearDown -->
</testsuite> <!-- Surefire test -->
